<html>
<head>
<title>TestNG:  BookingTest</title>
<link href="../testng.css" rel="stylesheet" type="text/css" />
<link href="../my-testng.css" rel="stylesheet" type="text/css" />

<style type="text/css">
.log { display: none;} 
.stack-trace { display: none;} 
</style>
<script type="text/javascript">
<!--
function flip(e) {
  current = e.style.display;
  if (current == 'block') {
    e.style.display = 'none';
    return 0;
  }
  else {
    e.style.display = 'block';
    return 1;
  }
}

function toggleBox(szDivId, elem, msg1, msg2)
{
  var res = -1;  if (document.getElementById) {
    res = flip(document.getElementById(szDivId));
  }
  else if (document.all) {
    // this is the way old msie versions work
    res = flip(document.all[szDivId]);
  }
  if(elem) {
    if(res == 0) elem.innerHTML = msg1; else elem.innerHTML = msg2;
  }

}

function toggleAllBoxes() {
  if (document.getElementsByTagName) {
    d = document.getElementsByTagName('div');
    for (i = 0; i < d.length; i++) {
      if (d[i].className == 'log') {
        flip(d[i]);
      }
    }
  }
}

// -->
</script>

</head>
<body>
<h2 align='center'>BookingTest</h2><table border='1' align="center">
<tr>
<td>Tests passed/Failed/Skipped:</td><td>7/2/0</td>
</tr><tr>
<td>Started on:</td><td>Sun Nov 21 17:26:10 EET 2021</td>
</tr>
<tr><td>Total time:</td><td>31 seconds (31242 ms)</td>
</tr><tr>
<td>Included groups:</td><td></td>
</tr><tr>
<td>Excluded groups:</td><td></td>
</tr>
</table><p/>
<small><i>(Hover the method name to see the test class name)</i></small><p/>
<table width='100%' border='1' class='invocation-failed'>
<tr><td colspan='4' align='center'><b>FAILED TESTS</b></td></tr>
<tr><td><b>Test method</b></td>
<td width="30%"><b>Exception</b></td>
<td width="10%"><b>Time (seconds)</b></td>
<td><b>Instance</b></td>
</tr>
<tr>
<td title='RunCucumberTest.runScenario()'><b>runScenario</b><br>Test class: RunCucumberTest<br>Test method: Runs Cucumber Scenarios<br>Parameters: "signIn-2", "Optional[booking.com]"</td>
<td><div><pre>org.openqa.selenium.NoSuchSessionException: Session ID is null. Using WebDriver after calling quit()?
Build info: version: &apos;3.141.59&apos;, revision: &apos;e82be7d358&apos;, time: &apos;2018-11-14T08:17:03&apos;
System info: host: &apos;ITY1FDR&apos;, ip: &apos;192.168.1.2&apos;, os.name: &apos;Windows 10&apos;, os.arch: &apos;amd64&apos;, os.version: &apos;10.0&apos;, java.version: &apos;1.8.0_161&apos;
Driver info: driver.version: RemoteWebDriver
	at org.openqa.selenium.remote.HttpCommandExecutor.execute(HttpCommandExecutor.java:125)
	at org.openqa.selenium.remote.RemoteWebDriver.execute(RemoteWebDriver.java:552)
	at org.openqa.selenium.remote.RemoteWebDriver.get(RemoteWebDriver.java:277)
	at org.openqa.selenium.remote.RemoteWebDriver$RemoteNavigation.to(RemoteWebDriver.java:857)
	at booking.BookingStepdefs.iNavigateToSignInPage(BookingStepdefs.java:79)
	at ?.I navigate to signIn page(file:///D:/IntelliJ/Parallel_Execution_Lap/src/test/java/booking/booking.feature:11)
</pre></div><a href='#' onClick='toggleBox("stack-trace491616044", this, "Click to show all stack frames", "Click to hide stack frames")'>Click to show all stack frames</a>
<div class='stack-trace' id='stack-trace491616044'><pre>org.openqa.selenium.NoSuchSessionException: Session ID is null. Using WebDriver after calling quit()?
Build info: version: &apos;3.141.59&apos;, revision: &apos;e82be7d358&apos;, time: &apos;2018-11-14T08:17:03&apos;
System info: host: &apos;ITY1FDR&apos;, ip: &apos;192.168.1.2&apos;, os.name: &apos;Windows 10&apos;, os.arch: &apos;amd64&apos;, os.version: &apos;10.0&apos;, java.version: &apos;1.8.0_161&apos;
Driver info: driver.version: RemoteWebDriver
	at org.openqa.selenium.remote.HttpCommandExecutor.execute(HttpCommandExecutor.java:125)
	at org.openqa.selenium.remote.RemoteWebDriver.execute(RemoteWebDriver.java:552)
	at org.openqa.selenium.remote.RemoteWebDriver.get(RemoteWebDriver.java:277)
	at org.openqa.selenium.remote.RemoteWebDriver$RemoteNavigation.to(RemoteWebDriver.java:857)
	at booking.BookingStepdefs.iNavigateToSignInPage(BookingStepdefs.java:79)
	at ?.I navigate to signIn page(file:///D:/IntelliJ/Parallel_Execution_Lap/src/test/java/booking/booking.feature:11)
</pre></div></td>
<td>30</td>
<td>RunCucumberTest@394e1a0f</td></tr>
<tr>
<td title='RunCucumberTest.runScenario()'><b>runScenario</b><br>Test class: RunCucumberTest<br>Test method: Runs Cucumber Scenarios<br>Parameters: "signIn", "Optional[booking.com]"</td>
<td><div><pre>org.openqa.selenium.NoSuchSessionException: Session ID is null. Using WebDriver after calling quit()?
Build info: version: &apos;3.141.59&apos;, revision: &apos;e82be7d358&apos;, time: &apos;2018-11-14T08:17:03&apos;
System info: host: &apos;ITY1FDR&apos;, ip: &apos;192.168.1.2&apos;, os.name: &apos;Windows 10&apos;, os.arch: &apos;amd64&apos;, os.version: &apos;10.0&apos;, java.version: &apos;1.8.0_161&apos;
Driver info: driver.version: RemoteWebDriver
	at org.openqa.selenium.remote.HttpCommandExecutor.execute(HttpCommandExecutor.java:125)
	at org.openqa.selenium.remote.RemoteWebDriver.execute(RemoteWebDriver.java:552)
	at org.openqa.selenium.remote.RemoteWebDriver.findElement(RemoteWebDriver.java:323)
	at org.openqa.selenium.remote.RemoteWebDriver.findElementByName(RemoteWebDriver.java:404)
	at org.openqa.selenium.By$ByName.findElement(By.java:284)
	at org.openqa.selenium.remote.RemoteWebDriver.findElement(RemoteWebDriver.java:315)
	at booking.BookingStepdefs.theSignInFormDisplayed(BookingStepdefs.java:86)
	at ?.The signIn form displayed(file:///D:/IntelliJ/Parallel_Execution_Lap/src/test/java/booking/booking.feature:7)
</pre></div><a href='#' onClick='toggleBox("stack-trace1288700937", this, "Click to show all stack frames", "Click to hide stack frames")'>Click to show all stack frames</a>
<div class='stack-trace' id='stack-trace1288700937'><pre>org.openqa.selenium.NoSuchSessionException: Session ID is null. Using WebDriver after calling quit()?
Build info: version: &apos;3.141.59&apos;, revision: &apos;e82be7d358&apos;, time: &apos;2018-11-14T08:17:03&apos;
System info: host: &apos;ITY1FDR&apos;, ip: &apos;192.168.1.2&apos;, os.name: &apos;Windows 10&apos;, os.arch: &apos;amd64&apos;, os.version: &apos;10.0&apos;, java.version: &apos;1.8.0_161&apos;
Driver info: driver.version: RemoteWebDriver
	at org.openqa.selenium.remote.HttpCommandExecutor.execute(HttpCommandExecutor.java:125)
	at org.openqa.selenium.remote.RemoteWebDriver.execute(RemoteWebDriver.java:552)
	at org.openqa.selenium.remote.RemoteWebDriver.findElement(RemoteWebDriver.java:323)
	at org.openqa.selenium.remote.RemoteWebDriver.findElementByName(RemoteWebDriver.java:404)
	at org.openqa.selenium.By$ByName.findElement(By.java:284)
	at org.openqa.selenium.remote.RemoteWebDriver.findElement(RemoteWebDriver.java:315)
	at booking.BookingStepdefs.theSignInFormDisplayed(BookingStepdefs.java:86)
	at ?.The signIn form displayed(file:///D:/IntelliJ/Parallel_Execution_Lap/src/test/java/booking/booking.feature:7)
</pre></div></td>
<td>28</td>
<td>RunCucumberTest@394e1a0f</td></tr>
</table><p>
<table width='100%' border='1' class='invocation-passed'>
<tr><td colspan='4' align='center'><b>PASSED TESTS</b></td></tr>
<tr><td><b>Test method</b></td>
<td width="30%"><b>Exception</b></td>
<td width="10%"><b>Time (seconds)</b></td>
<td><b>Instance</b></td>
</tr>
<tr>
<td title='RunCucumberTest.runScenario()'><b>runScenario</b><br>Test class: RunCucumberTest<br>Test method: Runs Cucumber Scenarios<br>Parameters: "user can navigate from home to about page-3", "Optional[udemy.com]"</td>
<td></td>
<td>19</td>
<td>RunCucumberTest@394e1a0f</td></tr>
<tr>
<td title='RunCucumberTest.runScenario()'><b>runScenario</b><br>Test class: RunCucumberTest<br>Test method: Runs Cucumber Scenarios<br>Parameters: "Home page content-2", "Optional[osn.com]"</td>
<td></td>
<td>22</td>
<td>RunCucumberTest@394e1a0f</td></tr>
<tr>
<td title='RunCucumberTest.runScenario()'><b>runScenario</b><br>Test class: RunCucumberTest<br>Test method: Runs Cucumber Scenarios<br>Parameters: "user can navigate from home to about page-2", "Optional[udemy.com]"</td>
<td></td>
<td>21</td>
<td>RunCucumberTest@394e1a0f</td></tr>
<tr>
<td title='RunCucumberTest.runScenario()'><b>runScenario</b><br>Test class: RunCucumberTest<br>Test method: Runs Cucumber Scenarios<br>Parameters: "Home page content-3", "Optional[osn.com]"</td>
<td></td>
<td>24</td>
<td>RunCucumberTest@394e1a0f</td></tr>
<tr>
<td title='RunCucumberTest.runScenario()'><b>runScenario</b><br>Test class: RunCucumberTest<br>Test method: Runs Cucumber Scenarios<br>Parameters: "Home page content", "Optional[osn.com]"</td>
<td></td>
<td>21</td>
<td>RunCucumberTest@394e1a0f</td></tr>
<tr>
<td title='RunCucumberTest.runScenario()'><b>runScenario</b><br>Test class: RunCucumberTest<br>Test method: Runs Cucumber Scenarios<br>Parameters: "user can navigate from home to about page", "Optional[udemy.com]"</td>
<td></td>
<td>19</td>
<td>RunCucumberTest@394e1a0f</td></tr>
<tr>
<td title='RunCucumberTest.runScenario()'><b>runScenario</b><br>Test class: RunCucumberTest<br>Test method: Runs Cucumber Scenarios<br>Parameters: "signIn-3", "Optional[booking.com]"</td>
<td></td>
<td>27</td>
<td>RunCucumberTest@394e1a0f</td></tr>
</table><p>
</body>
</html>