<?xml version="1.0" encoding="UTF-8"?>
<!-- Generated by org.testng.reporters.JUnitXMLReporter -->
<testsuite ignored="0" hostname="DESKTOP-TJM23M0" failures="0" tests="4" name="Surefire test" time="1.71" errors="0" timestamp="2021-11-06T14:50:34 EET">
  <testcase classname="bookingTest" name="@BeforeTest beforeTest" time="-1.636203034156E9">
    <failure type="org.testng.TestNGException" message="
Parameter &amp;apos;remoteUrl&amp;apos; is required by BeforeTest on method beforeTest but has not been marked @Optional or defined
">
      <![CDATA[org.testng.TestNGException: 
Parameter 'remoteUrl' is required by BeforeTest on method beforeTest but has not been marked @Optional or defined

... Removed 26 stack frames]]>
    </failure>
  </testcase> <!-- @BeforeTest beforeTest -->
  <testcase classname="osnTest" name="@BeforeTest beforeTest" time="-1.63620303416E9">
    <skipped/>
  </testcase> <!-- @BeforeTest beforeTest -->
  <testcase classname="OsnAndBookingTest" name="@AfterClass tearDown" time="-1.636203034183E9">
    <skipped/>
  </testcase> <!-- @AfterClass tearDown -->
  <testcase classname="bookingTest" name="bookingTest1" time="0.0">
    <skipped/>
  </testcase> <!-- bookingTest1 -->
  <testcase classname="OsnAndBookingTest" name="bookingTest" time="0.0">
    <skipped/>
  </testcase> <!-- bookingTest -->
  <testcase classname="OsnAndBookingTest" name="osnTest" time="0.0">
    <skipped/>
  </testcase> <!-- osnTest -->
  <testcase classname="osnTest" name="osnTest1" time="0.0">
    <skipped/>
  </testcase> <!-- osnTest1 -->
</testsuite> <!-- Surefire test -->
