<?xml version="1.0" encoding="UTF-8"?>
<!-- Generated by org.testng.reporters.JUnitXMLReporter -->
<testsuite ignored="0" hostname="DESKTOP-TJM23M0" failures="0" tests="4" name="Command line test" time="0.244" errors="0" timestamp="2021-11-21T09:34:13 EET">
  <testcase classname="GitHubTest" name="@BeforeClass start" time="-1.637480052918E9">
    <failure type="org.testng.TestNGException" message="
Parameter &amp;apos;remoteUrl&amp;apos; is required by BeforeClass on method start but has not been marked @Optional or defined
">
      <![CDATA[org.testng.TestNGException: 
Parameter 'remoteUrl' is required by BeforeClass on method start but has not been marked @Optional or defined

at java.base/java.util.ArrayList.forEach(ArrayList.java:1541)
... Removed 32 stack frames]]>
    </failure>
  </testcase> <!-- @BeforeClass start -->
  <testcase classname="GitHubTest" name="@AfterClass tearDown" time="-1.637480052938E9">
    <skipped/>
  </testcase> <!-- @AfterClass tearDown -->
  <testcase classname="UdemyTest" name="@BeforeClass start" time="-1.637480053145E9">
    <failure type="org.testng.TestNGException" message="
Parameter &amp;apos;remoteUrl&amp;apos; is required by BeforeClass on method start but has not been marked @Optional or defined
">
      <![CDATA[org.testng.TestNGException: 
Parameter 'remoteUrl' is required by BeforeClass on method start but has not been marked @Optional or defined

at java.base/java.util.ArrayList.forEach(ArrayList.java:1541)
... Removed 32 stack frames]]>
    </failure>
  </testcase> <!-- @BeforeClass start -->
  <testcase classname="UdemyTest" name="@AfterClass tearDown" time="-1.637480053147E9">
    <skipped/>
  </testcase> <!-- @AfterClass tearDown -->
  <testcase classname="GitHubTest" name="navigateToGitHubHomePage" time="0.0">
    <skipped/>
  </testcase> <!-- navigateToGitHubHomePage -->
  <testcase classname="GitHubTest" name="openSignInPage" time="0.0">
    <skipped/>
  </testcase> <!-- openSignInPage -->
  <testcase classname="UdemyTest" name="navigateToUdemyHomePage" time="0.0">
    <skipped/>
  </testcase> <!-- navigateToUdemyHomePage -->
  <testcase classname="UdemyTest" name="openUdemyAboutPage" time="0.0">
    <skipped/>
  </testcase> <!-- openUdemyAboutPage -->
</testsuite> <!-- Command line test -->
